# JRE version: Java(TM) SE Runtime Environment (15.0.2+7) (build 15.0.2+7-27)
# Java VM: Java HotSpot(TM) 64-Bit Server VM (15.0.2+7-27, mixed mode, sharing, tiered, compressed oops, g1 gc, windows-amd64)
GC Precious Log:
 CPUs: 4 total, 4 available
 Memory: 16261M
 Large Page Support: Disabled
 NUMA Support: Disabled
 Compressed Oops: Enabled (32-bit)
 Heap Region Size: 1M
 Heap Min Capacity: 8M
 Heap Initial Capacity: 256M
 Heap Max Capacity: 2G
 Pre-touch: Disabled
 Parallel Workers: 4
 Concurrent Workers: 1
 Concurrent Refinement Workers: 4
 Periodic GC: Disabled
Heap:
 garbage-first heap   total 220160K, used 119587K [0x0000000080000000, 0x0000000100000000)
  region size 1024K, 34 young (34816K), 3 survivors (3072K)
 Metaspace       used 111077K, capacity 113660K, committed 114096K, reserved 1148928K
  class space    used 13637K, capacity 14428K, committed 14592K, reserved 1048576K
GC Heap History (20 events):
Event: 6926.545 GC heap before
{Heap before GC invocations=200 (full 0):
 garbage-first heap   total 220160K, used 176690K [0x0000000080000000, 0x0000000100000000)
  region size 1024K, 85 young (87040K), 6 survivors (6144K)
 Metaspace       used 110868K, capacity 113320K, committed 114096K, reserved 1148928K
  class space    used 13621K, capacity 14401K, committed 14592K, reserved 1048576K
}
Event: 6926.558 GC heap after
{Heap after GC invocations=201 (full 0):
 garbage-first heap   total 220160K, used 99638K [0x0000000080000000, 0x0000000100000000)
  region size 1024K, 10 young (10240K), 10 survivors (10240K)
 Metaspace       used 110868K, capacity 113320K, committed 114096K, reserved 1148928K
  class space    used 13621K, capacity 14401K, committed 14592K, reserved 1048576K
}
Event: 6926.659 GC heap before
{Heap before GC invocations=201 (full 0):
 garbage-first heap   total 220160K, used 100662K [0x0000000080000000, 0x0000000100000000)
  region size 1024K, 11 young (11264K), 10 survivors (10240K)
 Metaspace       used 110869K, capacity 113320K, committed 114096K, reserved 1148928K
  class space    used 13621K, capacity 14401K, committed 14592K, reserved 1048576K
}
Event: 6926.682 GC heap after
{Heap after GC invocations=202 (full 0):
 garbage-first heap   total 220160K, used 77548K [0x0000000080000000, 0x0000000100000000)
  region size 1024K, 2 young (2048K), 2 survivors (2048K)
 Metaspace       used 110869K, capacity 113320K, committed 114096K, reserved 1148928K
  class space    used 13621K, capacity 14401K, committed 14592K, reserved 1048576K
}
Event: 6926.872 GC heap before
{Heap before GC invocations=202 (full 0):
 garbage-first heap   total 220160K, used 95980K [0x0000000080000000, 0x0000000100000000)
  region size 1024K, 22 young (22528K), 2 survivors (2048K)
 Metaspace       used 110884K, capacity 113396K, committed 114096K, reserved 1148928K
  class space    used 13622K, capacity 14403K, committed 14592K, reserved 1048576K
}
Event: 6926.891 GC heap after
{Heap after GC invocations=203 (full 0):
 garbage-first heap   total 220160K, used 82035K [0x0000000080000000, 0x0000000100000000)
  region size 1024K, 6 young (6144K), 6 survivors (6144K)
 Metaspace       used 110884K, capacity 113396K, committed 114096K, reserved 1148928K
  class space    used 13622K, capacity 14403K, committed 14592K, reserved 1048576K
}
Event: 6927.157 GC heap before
{Heap before GC invocations=204 (full 0):
 garbage-first heap   total 220160K, used 92275K [0x0000000080000000, 0x0000000100000000)
  region size 1024K, 11 young (11264K), 6 survivors (6144K)
 Metaspace       used 110888K, capacity 113463K, committed 114096K, reserved 1148928K
  class space    used 13622K, capacity 14404K, committed 14592K, reserved 1048576K
}
Event: 6927.163 GC heap after
{Heap after GC invocations=205 (full 0):
 garbage-first heap   total 220160K, used 82897K [0x0000000080000000, 0x0000000100000000)
  region size 1024K, 1 young (1024K), 1 survivors (1024K)
 Metaspace       used 110888K, capacity 113463K, committed 114096K, reserved 1148928K
  class space    used 13622K, capacity 14404K, committed 14592K, reserved 1048576K
}
Event: 6966.930 GC heap before
{Heap before GC invocations=206 (full 0):
 garbage-first heap   total 220160K, used 136145K [0x0000000080000000, 0x0000000100000000)
  region size 1024K, 51 young (52224K), 1 survivors (1024K)
 Metaspace       used 110910K, capacity 113463K, committed 114096K, reserved 1148928K
  class space    used 13622K, capacity 14404K, committed 14592K, reserved 1048576K
}
Event: 6966.941 GC heap after
{Heap after GC invocations=207 (full 0):
 garbage-first heap   total 220160K, used 81142K [0x0000000080000000, 0x0000000100000000)
  region size 1024K, 5 young (5120K), 5 survivors (5120K)
 Metaspace       used 110910K, capacity 113463K, committed 114096K, reserved 1148928K
  class space    used 13622K, capacity 14404K, committed 14592K, reserved 1048576K
}
Event: 6968.549 GC heap before
{Heap before GC invocations=208 (full 0):
 garbage-first heap   total 220160K, used 184566K [0x0000000080000000, 0x0000000100000000)
  region size 1024K, 98 young (100352K), 5 survivors (5120K)
 Metaspace       used 110935K, capacity 113530K, committed 114096K, reserved 1148928K
  class space    used 13623K, capacity 14405K, committed 14592K, reserved 1048576K
}
Event: 6968.559 GC heap after
{Heap after GC invocations=209 (full 0):
 garbage-first heap   total 220160K, used 84717K [0x0000000080000000, 0x0000000100000000)
  region size 1024K, 9 young (9216K), 9 survivors (9216K)
 Metaspace       used 110935K, capacity 113530K, committed 114096K, reserved 1148928K
  class space    used 13623K, capacity 14405K, committed 14592K, reserved 1048576K
}
Event: 6968.569 GC heap before
{Heap before GC invocations=209 (full 0):
 garbage-first heap   total 220160K, used 85741K [0x0000000080000000, 0x0000000100000000)
  region size 1024K, 11 young (11264K), 9 survivors (9216K)
 Metaspace       used 110935K, capacity 113530K, committed 114096K, reserved 1148928K
  class space    used 13623K, capacity 14405K, committed 14592K, reserved 1048576K
}
Event: 6968.578 GC heap after
{Heap after GC invocations=210 (full 0):
 garbage-first heap   total 220160K, used 84911K [0x0000000080000000, 0x0000000100000000)
  region size 1024K, 4 young (4096K), 4 survivors (4096K)
 Metaspace       used 110935K, capacity 113530K, committed 114096K, reserved 1148928K
  class space    used 13623K, capacity 14405K, committed 14592K, reserved 1048576K
}
Event: 6982.532 GC heap before
{Heap before GC invocations=211 (full 0):
 garbage-first heap   total 220160K, used 188335K [0x0000000080000000, 0x0000000100000000)
  region size 1024K, 87 young (89088K), 4 survivors (4096K)
 Metaspace       used 110979K, capacity 113573K, committed 114096K, reserved 1148928K
  class space    used 13628K, capacity 14413K, committed 14592K, reserved 1048576K
}
Event: 6982.540 GC heap after
{Heap after GC invocations=212 (full 0):
 garbage-first heap   total 220160K, used 87630K [0x0000000080000000, 0x0000000100000000)
  region size 1024K, 7 young (7168K), 7 survivors (7168K)
 Metaspace       used 110979K, capacity 113573K, committed 114096K, reserved 1148928K
  class space    used 13628K, capacity 14413K, committed 14592K, reserved 1048576K
}
Event: 6982.569 GC heap before
{Heap before GC invocations=212 (full 0):
 garbage-first heap   total 220160K, used 89678K [0x0000000080000000, 0x0000000100000000)
  region size 1024K, 10 young (10240K), 7 survivors (7168K)
 Metaspace       used 110979K, capacity 113573K, committed 114096K, reserved 1148928K
  class space    used 13628K, capacity 14413K, committed 14592K, reserved 1048576K
}
Event: 6982.597 GC heap after
{Heap after GC invocations=213 (full 0):
 garbage-first heap   total 220160K, used 78762K [0x0000000080000000, 0x0000000100000000)
  region size 1024K, 1 young (1024K), 1 survivors (1024K)
 Metaspace       used 110979K, capacity 113573K, committed 114096K, reserved 1148928K
  class space    used 13628K, capacity 14413K, committed 14592K, reserved 1048576K
}
Event: 6983.337 GC heap before
{Heap before GC invocations=213 (full 0):
 garbage-first heap   total 220160K, used 132010K [0x0000000080000000, 0x0000000100000000)
  region size 1024K, 55 young (56320K), 1 survivors (1024K)
 Metaspace       used 110992K, capacity 113576K, committed 114096K, reserved 1148928K
  class space    used 13628K, capacity 14414K, committed 14592K, reserved 1048576K
}
Event: 6983.348 GC heap after
{Heap after GC invocations=214 (full 0):
 garbage-first heap   total 220160K, used 80675K [0x0000000080000000, 0x0000000100000000)
  region size 1024K, 3 young (3072K), 3 survivors (3072K)
 Metaspace       used 110992K, capacity 113576K, committed 114096K, reserved 1148928K
  class space    used 13628K, capacity 14414K, committed 14592K, reserved 1048576K
}

